{"error":"","level":"error","message":"❌ Failed to connect to the database.","timestamp":"2025-09-11T14:16:48.015Z"}
{"error":"db.promise is not a function","level":"error","message":"Error recording app usage:","timestamp":"2025-09-17T02:09:30.169Z"}
{"error":"db.promise is not a function","level":"error","message":"Error recording app usage:","timestamp":"2025-09-17T02:13:53.523Z"}
{"error":"Bind parameters must not contain undefined. To pass SQL NULL specify JS null","level":"error","message":"Error recording app usage:","timestamp":"2025-09-17T02:16:32.571Z"}
{"error":"Bind parameters must not contain undefined. To pass SQL NULL specify JS null","level":"error","message":"Error starting operation:","timestamp":"2025-09-17T05:27:27.677Z"}
{"error":"Bind parameters must not contain undefined. To pass SQL NULL specify JS null","level":"error","message":"Error starting operation:","timestamp":"2025-09-17T05:29:57.412Z"}
{"error":"Bind parameters must not contain undefined. To pass SQL NULL specify JS null","level":"error","message":"Error starting operation:","timestamp":"2025-09-17T05:38:19.811Z"}
{"error":"Bind parameters must not contain undefined. To pass SQL NULL specify JS null","level":"error","message":"Error starting operation:","timestamp":"2025-09-17T05:39:40.680Z"}
{"error":"Bind parameters must not contain undefined. To pass SQL NULL specify JS null","level":"error","message":"Error starting operation:","timestamp":"2025-09-17T05:40:07.327Z"}
{"error":"Bind parameters must not contain undefined. To pass SQL NULL specify JS null","level":"error","message":"Error starting operation:","timestamp":"2025-09-17T05:43:05.748Z"}
{"error":"Bind parameters must not contain undefined. To pass SQL NULL specify JS null","level":"error","message":"Error starting operation:","timestamp":"2025-09-17T06:06:33.446Z"}
{"error":"Bind parameters must not contain undefined. To pass SQL NULL specify JS null","level":"error","message":"Error starting operation:","timestamp":"2025-09-17T06:06:35.803Z"}
{"error":"Bind parameters must not contain undefined. To pass SQL NULL specify JS null","level":"error","message":"Error starting operation:","timestamp":"2025-09-17T06:07:24.659Z"}
{"error":"Bind parameters must not contain undefined. To pass SQL NULL specify JS null","level":"error","message":"Error starting operation:","timestamp":"2025-09-17T06:13:44.894Z"}
{"error":"Bind parameters must not contain undefined. To pass SQL NULL specify JS null","level":"error","message":"Error starting operation:","timestamp":"2025-09-17T06:17:22.495Z"}
{"error":"Table 'sonicwave_db.user_sessions' doesn't exist","level":"error","message":"Error recording login event:","timestamp":"2025-09-18T15:31:16.588Z","userId":2}
{"error":"Bind parameters must not contain undefined. To pass SQL NULL specify JS null","level":"error","message":"Error starting operation:","timestamp":"2025-09-19T06:17:11.939Z"}
{"error":"Bind parameters must not contain undefined. To pass SQL NULL specify JS null","level":"error","message":"Error starting operation:","timestamp":"2025-09-19T06:17:12.599Z"}
{"error":"Bind parameters must not contain undefined. To pass SQL NULL specify JS null","level":"error","message":"Error starting operation:","timestamp":"2025-09-19T06:17:12.797Z"}
{"error":"Bind parameters must not contain undefined. To pass SQL NULL specify JS null","level":"error","message":"Error starting operation:","timestamp":"2025-09-19T06:17:21.376Z"}
{"error":"Bind parameters must not contain undefined. To pass SQL NULL specify JS null","level":"error","message":"Error starting operation:","timestamp":"2025-09-19T06:17:22.676Z"}
{"error":"Bind parameters must not contain undefined. To pass SQL NULL specify JS null","level":"error","message":"Error starting operation:","timestamp":"2025-09-19T09:51:52.261Z"}
